<?xml version="1.0" encoding="UTF-8"?>
<!-- Generated by org.testng.reporters.JUnitXMLReporter -->
<testsuite ignored="10" hostname="DESKTOP-BOAEE06" failures="0" tests="6" name="Test" time="269.199" errors="0" timestamp="2022-11-29T11:28:08 IST">
  <testcase classname="com.novo.testcases.TC_131101_VerifyHomepage" name="runVerifyHomepage" time="31.289"/>
  <testcase classname="com.novo.testcases.TC_131103_VerifyMainMenuFontProp" name="runVerifyMenuFontProp" time="95.528"/>
  <testcase classname="com.novo.testcases.TC_131105_Verifytopheadersarestickyhead" name="runVerifytopheadersarestickyheadp" time="2.65"/>
  <testcase classname="com.novo.testcases.TC_131104VerifyHeaderLayout" name="runVerifyHeaderLayout" time="7.169"/>
  <testcase classname="com.novo.testcases.TC_131102_VerifyMenuandLogoPresenseinHeader" name="runVerifyMenuandLogoPresence" time="29.122"/>
  <testcase classname="com.novo.testcases.TC_131133VerifyFontPropInSec7" name="runVerifyFontPropInSec7" time="38.134"/>
  <testcase classname="com.framework.utils.Reporter" name="@BeforeSuite startReport" time="0.0">
    <ignored/>
  </testcase> <!-- @BeforeSuite startReport -->
  <testcase classname="com.framework.utils.Reporter" name="@BeforeSuite startReport" time="0.0">
    <ignored/>
  </testcase> <!-- @BeforeSuite startReport -->
  <testcase classname="com.framework.utils.Reporter" name="@BeforeSuite startReport" time="0.0">
    <ignored/>
  </testcase> <!-- @BeforeSuite startReport -->
  <testcase classname="com.framework.utils.Reporter" name="@BeforeSuite startReport" time="0.0">
    <ignored/>
  </testcase> <!-- @BeforeSuite startReport -->
  <testcase classname="com.framework.utils.Reporter" name="@BeforeSuite startReport" time="0.0">
    <ignored/>
  </testcase> <!-- @BeforeSuite startReport -->
  <testcase classname="com.framework.utils.Reporter" name="@AfterSuite endResult" time="0.0">
    <ignored/>
  </testcase> <!-- @AfterSuite endResult -->
  <testcase classname="com.framework.utils.Reporter" name="@AfterSuite endResult" time="0.0">
    <ignored/>
  </testcase> <!-- @AfterSuite endResult -->
  <testcase classname="com.framework.utils.Reporter" name="@AfterSuite endResult" time="0.0">
    <ignored/>
  </testcase> <!-- @AfterSuite endResult -->
  <testcase classname="com.framework.utils.Reporter" name="@AfterSuite endResult" time="0.0">
    <ignored/>
  </testcase> <!-- @AfterSuite endResult -->
  <testcase classname="com.framework.utils.Reporter" name="@AfterSuite endResult" time="0.0">
    <ignored/>
  </testcase> <!-- @AfterSuite endResult -->
</testsuite> <!-- Test -->
