<?xml version="1.0" encoding="UTF-8"?>
<testng-results ignored="0" total="1" passed="1" failed="0" skipped="0">
  <reporter-output>
  </reporter-output>
  <suite started-at="2022-12-02T12:16:37 IST" name="Default suite" finished-at="2022-12-02T12:16:48 IST" duration-ms="10694">
    <groups>
    </groups>
    <test started-at="2022-12-02T12:16:37 IST" name="Default test" finished-at="2022-12-02T12:16:48 IST" duration-ms="10694">
      <class name="com.novo.testcases.TC_131144VerifyFavIcon">
        <test-method is-config="true" signature="startReport()[pri:0, instance:com.novo.testcases.TC_131144VerifyFavIcon@15888343]" started-at="2022-12-02T12:16:37 IST" name="startReport" finished-at="2022-12-02T12:16:37 IST" duration-ms="135" status="PASS">
          <reporter-output>
          </reporter-output>
        </test-method> <!-- startReport -->
        <test-method is-config="true" signature="setValues()[pri:0, instance:com.novo.testcases.TC_131144VerifyFavIcon@15888343]" started-at="2022-12-02T12:16:37 IST" name="setValues" finished-at="2022-12-02T12:16:37 IST" duration-ms="1" status="PASS">
          <reporter-output>
          </reporter-output>
        </test-method> <!-- setValues -->
        <test-method is-config="true" signature="startTestCase()[pri:0, instance:com.novo.testcases.TC_131144VerifyFavIcon@15888343]" started-at="2022-12-02T12:16:37 IST" name="startTestCase" finished-at="2022-12-02T12:16:37 IST" duration-ms="8" status="PASS">
          <reporter-output>
          </reporter-output>
        </test-method> <!-- startTestCase -->
        <test-method is-config="true" signature="preCondition()[pri:0, instance:com.novo.testcases.TC_131144VerifyFavIcon@15888343]" started-at="2022-12-02T12:16:38 IST" name="preCondition" finished-at="2022-12-02T12:16:47 IST" duration-ms="9603" status="PASS">
          <reporter-output>
          </reporter-output>
        </test-method> <!-- preCondition -->
        <test-method signature="runVerifyFavIcon(java.lang.String)[pri:0, instance:com.novo.testcases.TC_131144VerifyFavIcon@15888343]" started-at="2022-12-02T12:16:47 IST" name="runVerifyFavIcon" data-provider="fetchData" finished-at="2022-12-02T12:16:48 IST" duration-ms="211" status="PASS">
          <params>
            <param index="0">
              <value>
                <![CDATA[/siteassets/img/favicon.png]]>
              </value>
            </param>
          </params>
          <reporter-output>
          </reporter-output>
        </test-method> <!-- runVerifyFavIcon -->
        <test-method is-config="true" signature="postCondition()[pri:0, instance:com.novo.testcases.TC_131144VerifyFavIcon@15888343]" started-at="2022-12-02T12:16:48 IST" name="postCondition" finished-at="2022-12-02T12:16:48 IST" duration-ms="129" status="PASS">
          <reporter-output>
          </reporter-output>
        </test-method> <!-- postCondition -->
        <test-method is-config="true" signature="stopTestCase()[pri:0, instance:com.novo.testcases.TC_131144VerifyFavIcon@15888343]" started-at="2022-12-02T12:16:48 IST" name="stopTestCase" finished-at="2022-12-02T12:16:48 IST" duration-ms="0" status="PASS">
          <reporter-output>
          </reporter-output>
        </test-method> <!-- stopTestCase -->
        <test-method is-config="true" signature="endResult()[pri:0, instance:com.novo.testcases.TC_131144VerifyFavIcon@15888343]" started-at="2022-12-02T12:16:48 IST" name="endResult" finished-at="2022-12-02T12:16:48 IST" duration-ms="335" status="PASS">
          <reporter-output>
          </reporter-output>
        </test-method> <!-- endResult -->
      </class> <!-- com.novo.testcases.TC_131144VerifyFavIcon -->
    </test> <!-- Default test -->
  </suite> <!-- Default suite -->
</testng-results>
